# JRE version: OpenJDK Runtime Environment (11.0.13) (build 11.0.13+0-b1751.21-8125866)
# Java VM: OpenJDK 64-Bit Server VM (11.0.13+0-b1751.21-8125866, mixed mode, tiered, compressed oops, g1 gc, windows-amd64)
Heap:
 garbage-first heap   total 269312K, used 157553K [0x0000000080000000, 0x0000000100000000)
  region size 1024K, 46 young (47104K), 2 survivors (2048K)
 Metaspace       used 111951K, capacity 114666K, committed 114896K, reserved 1148928K
  class space    used 13814K, capacity 14783K, committed 14848K, reserved 1048576K
GC Heap History (20 events):
Event: 30.302 GC heap before
{Heap before GC invocations=23 (full 0):
 garbage-first heap   total 220160K, used 174973K [0x0000000080000000, 0x0000000100000000)
  region size 1024K, 80 young (81920K), 12 survivors (12288K)
 Metaspace       used 91483K, capacity 93598K, committed 93776K, reserved 1130496K
  class space    used 11707K, capacity 12562K, committed 12672K, reserved 1048576K
}
Event: 30.375 GC heap after
{Heap after GC invocations=24 (full 0):
 garbage-first heap   total 220160K, used 108544K [0x0000000080000000, 0x0000000100000000)
  region size 1024K, 10 young (10240K), 10 survivors (10240K)
 Metaspace       used 91483K, capacity 93598K, committed 93776K, reserved 1130496K
  class space    used 11707K, capacity 12562K, committed 12672K, reserved 1048576K
}
Event: 31.736 GC heap before
{Heap before GC invocations=24 (full 0):
 garbage-first heap   total 220160K, used 133120K [0x0000000080000000, 0x0000000100000000)
  region size 1024K, 36 young (36864K), 10 survivors (10240K)
 Metaspace       used 92269K, capacity 94437K, committed 94544K, reserved 1130496K
  class space    used 11779K, capacity 12628K, committed 12672K, reserved 1048576K
}
Event: 31.779 GC heap after
{Heap after GC invocations=25 (full 0):
 garbage-first heap   total 220160K, used 115187K [0x0000000080000000, 0x0000000100000000)
  region size 1024K, 7 young (7168K), 7 survivors (7168K)
 Metaspace       used 92269K, capacity 94437K, committed 94544K, reserved 1130496K
  class space    used 11779K, capacity 12628K, committed 12672K, reserved 1048576K
}
Event: 34.586 GC heap before
{Heap before GC invocations=26 (full 0):
 garbage-first heap   total 220160K, used 182771K [0x0000000080000000, 0x0000000100000000)
  region size 1024K, 57 young (58368K), 7 survivors (7168K)
 Metaspace       used 95666K, capacity 97763K, committed 98128K, reserved 1134592K
  class space    used 12016K, capacity 12836K, committed 12928K, reserved 1048576K
}
Event: 34.610 GC heap after
{Heap after GC invocations=27 (full 0):
 garbage-first heap   total 269312K, used 117760K [0x0000000080000000, 0x0000000100000000)
  region size 1024K, 8 young (8192K), 8 survivors (8192K)
 Metaspace       used 95666K, capacity 97763K, committed 98128K, reserved 1134592K
  class space    used 12016K, capacity 12836K, committed 12928K, reserved 1048576K
}
Event: 37.925 GC heap before
{Heap before GC invocations=27 (full 0):
 garbage-first heap   total 269312K, used 195584K [0x0000000080000000, 0x0000000100000000)
  region size 1024K, 84 young (86016K), 8 survivors (8192K)
 Metaspace       used 97271K, capacity 99436K, committed 99792K, reserved 1136640K
  class space    used 12124K, capacity 12964K, committed 13056K, reserved 1048576K
}
Event: 37.936 GC heap after
{Heap after GC invocations=28 (full 0):
 garbage-first heap   total 269312K, used 117994K [0x0000000080000000, 0x0000000100000000)
  region size 1024K, 2 young (2048K), 2 survivors (2048K)
 Metaspace       used 97271K, capacity 99436K, committed 99792K, reserved 1136640K
  class space    used 12124K, capacity 12964K, committed 13056K, reserved 1048576K
}
Event: 40.983 GC heap before
{Heap before GC invocations=28 (full 0):
 garbage-first heap   total 269312K, used 198890K [0x0000000080000000, 0x0000000100000000)
  region size 1024K, 82 young (83968K), 2 survivors (2048K)
 Metaspace       used 98642K, capacity 100886K, committed 101200K, reserved 1136640K
  class space    used 12252K, capacity 13099K, committed 13184K, reserved 1048576K
}
Event: 40.995 GC heap after
{Heap after GC invocations=29 (full 0):
 garbage-first heap   total 269312K, used 120045K [0x0000000080000000, 0x0000000100000000)
  region size 1024K, 4 young (4096K), 4 survivors (4096K)
 Metaspace       used 98642K, capacity 100886K, committed 101200K, reserved 1136640K
  class space    used 12252K, capacity 13099K, committed 13184K, reserved 1048576K
}
Event: 42.716 GC heap before
{Heap before GC invocations=29 (full 0):
 garbage-first heap   total 269312K, used 204013K [0x0000000080000000, 0x0000000100000000)
  region size 1024K, 87 young (89088K), 4 survivors (4096K)
 Metaspace       used 100836K, capacity 103059K, committed 103248K, reserved 1138688K
  class space    used 12499K, capacity 13351K, committed 13440K, reserved 1048576K
}
Event: 42.737 GC heap after
{Heap after GC invocations=30 (full 0):
 garbage-first heap   total 269312K, used 126448K [0x0000000080000000, 0x0000000100000000)
  region size 1024K, 10 young (10240K), 10 survivors (10240K)
 Metaspace       used 100836K, capacity 103059K, committed 103248K, reserved 1138688K
  class space    used 12499K, capacity 13351K, committed 13440K, reserved 1048576K
}
Event: 44.191 GC heap before
{Heap before GC invocations=30 (full 0):
 garbage-first heap   total 269312K, used 208368K [0x0000000080000000, 0x0000000100000000)
  region size 1024K, 91 young (93184K), 10 survivors (10240K)
 Metaspace       used 103784K, capacity 105991K, committed 106192K, reserved 1142784K
  class space    used 12860K, capacity 13707K, committed 13824K, reserved 1048576K
}
Event: 44.217 GC heap after
{Heap after GC invocations=31 (full 0):
 garbage-first heap   total 269312K, used 131166K [0x0000000080000000, 0x0000000100000000)
  region size 1024K, 5 young (5120K), 5 survivors (5120K)
 Metaspace       used 103784K, capacity 105991K, committed 106192K, reserved 1142784K
  class space    used 12860K, capacity 13707K, committed 13824K, reserved 1048576K
}
Event: 50.503 GC heap before
{Heap before GC invocations=31 (full 0):
 garbage-first heap   total 269312K, used 213086K [0x0000000080000000, 0x0000000100000000)
  region size 1024K, 86 young (88064K), 5 survivors (5120K)
 Metaspace       used 107141K, capacity 109383K, committed 109648K, reserved 1144832K
  class space    used 13249K, capacity 14091K, committed 14208K, reserved 1048576K
}
Event: 50.525 GC heap after
{Heap after GC invocations=32 (full 0):
 garbage-first heap   total 269312K, used 135183K [0x0000000080000000, 0x0000000100000000)
  region size 1024K, 9 young (9216K), 9 survivors (9216K)
 Metaspace       used 107141K, capacity 109383K, committed 109648K, reserved 1144832K
  class space    used 13249K, capacity 14091K, committed 14208K, reserved 1048576K
}
Event: 218.938 GC heap before
{Heap before GC invocations=33 (full 0):
 garbage-first heap   total 269312K, used 205839K [0x0000000080000000, 0x0000000100000000)
  region size 1024K, 89 young (91136K), 9 survivors (9216K)
 Metaspace       used 111561K, capacity 114176K, committed 114384K, reserved 1148928K
  class space    used 13801K, capacity 14761K, committed 14848K, reserved 1048576K
}
Event: 218.962 GC heap after
{Heap after GC invocations=34 (full 0):
 garbage-first heap   total 269312K, used 129203K [0x0000000080000000, 0x0000000100000000)
  region size 1024K, 10 young (10240K), 10 survivors (10240K)
 Metaspace       used 111561K, capacity 114176K, committed 114384K, reserved 1148928K
  class space    used 13801K, capacity 14761K, committed 14848K, reserved 1048576K
}
Event: 219.029 GC heap before
{Heap before GC invocations=34 (full 0):
 garbage-first heap   total 269312K, used 132275K [0x0000000080000000, 0x0000000100000000)
  region size 1024K, 13 young (13312K), 10 survivors (10240K)
 Metaspace       used 111597K, capacity 114243K, committed 114384K, reserved 1148928K
  class space    used 13802K, capacity 14762K, committed 14848K, reserved 1048576K
}
Event: 219.048 GC heap after
{Heap after GC invocations=35 (full 0):
 garbage-first heap   total 269312K, used 114545K [0x0000000080000000, 0x0000000100000000)
  region size 1024K, 2 young (2048K), 2 survivors (2048K)
 Metaspace       used 111597K, capacity 114243K, committed 114384K, reserved 1148928K
  class space    used 13802K, capacity 14762K, committed 14848K, reserved 1048576K
}

