# JRE version: OpenJDK Runtime Environment (11.0.13) (build 11.0.13+0-b1751.21-8125866)
# Java VM: OpenJDK 64-Bit Server VM (11.0.13+0-b1751.21-8125866, mixed mode, tiered, compressed oops, g1 gc, windows-amd64)
Heap:
 garbage-first heap   total 126976K, used 36928K [0x0000000080000000, 0x0000000100000000)
  region size 1024K, 24 young (24576K), 6 survivors (6144K)
 Metaspace       used 28231K, capacity 28817K, committed 28924K, reserved 1075200K
  class space    used 3668K, capacity 3876K, committed 3916K, reserved 1048576K
GC Heap History (14 events):
Event: 9.839 GC heap before
{Heap before GC invocations=0 (full 0):
 garbage-first heap   total 126976K, used 17408K [0x0000000080000000, 0x0000000100000000)
  region size 1024K, 14 young (14336K), 0 survivors (0K)
 Metaspace       used 6746K, capacity 6989K, committed 7168K, reserved 1056768K
  class space    used 572K, capacity 650K, committed 768K, reserved 1048576K
}
Event: 9.888 GC heap after
{Heap after GC invocations=1 (full 0):
 garbage-first heap   total 126976K, used 4363K [0x0000000080000000, 0x0000000100000000)
  region size 1024K, 2 young (2048K), 2 survivors (2048K)
 Metaspace       used 6746K, capacity 6989K, committed 7168K, reserved 1056768K
  class space    used 572K, capacity 650K, committed 768K, reserved 1048576K
}
Event: 11.238 GC heap before
{Heap before GC invocations=1 (full 0):
 garbage-first heap   total 126976K, used 11531K [0x0000000080000000, 0x0000000100000000)
  region size 1024K, 6 young (6144K), 2 survivors (2048K)
 Metaspace       used 7698K, capacity 7859K, committed 7936K, reserved 1056768K
  class space    used 698K, capacity 748K, committed 768K, reserved 1048576K
}
Event: 11.266 GC heap after
{Heap after GC invocations=2 (full 0):
 garbage-first heap   total 126976K, used 8520K [0x0000000080000000, 0x0000000100000000)
  region size 1024K, 1 young (1024K), 1 survivors (1024K)
 Metaspace       used 7698K, capacity 7859K, committed 7936K, reserved 1056768K
  class space    used 698K, capacity 748K, committed 768K, reserved 1048576K
}
Event: 14.887 GC heap before
{Heap before GC invocations=2 (full 0):
 garbage-first heap   total 126976K, used 19784K [0x0000000080000000, 0x0000000100000000)
  region size 1024K, 12 young (12288K), 1 survivors (1024K)
 Metaspace       used 10117K, capacity 10374K, committed 10624K, reserved 1058816K
  class space    used 1034K, capacity 1102K, committed 1152K, reserved 1048576K
}
Event: 14.906 GC heap after
{Heap after GC invocations=3 (full 0):
 garbage-first heap   total 126976K, used 9272K [0x0000000080000000, 0x0000000100000000)
  region size 1024K, 2 young (2048K), 2 survivors (2048K)
 Metaspace       used 10117K, capacity 10374K, committed 10624K, reserved 1058816K
  class space    used 1034K, capacity 1102K, committed 1152K, reserved 1048576K
}
Event: 18.530 GC heap before
{Heap before GC invocations=3 (full 0):
 garbage-first heap   total 126976K, used 27704K [0x0000000080000000, 0x0000000100000000)
  region size 1024K, 20 young (20480K), 2 survivors (2048K)
 Metaspace       used 10856K, capacity 11073K, committed 11264K, reserved 1058816K
  class space    used 1112K, capacity 1207K, committed 1280K, reserved 1048576K
}
Event: 18.561 GC heap after
{Heap after GC invocations=4 (full 0):
 garbage-first heap   total 126976K, used 9801K [0x0000000080000000, 0x0000000100000000)
  region size 1024K, 2 young (2048K), 2 survivors (2048K)
 Metaspace       used 10856K, capacity 11073K, committed 11264K, reserved 1058816K
  class space    used 1112K, capacity 1207K, committed 1280K, reserved 1048576K
}
Event: 22.048 GC heap before
{Heap before GC invocations=4 (full 0):
 garbage-first heap   total 126976K, used 34377K [0x0000000080000000, 0x0000000100000000)
  region size 1024K, 26 young (26624K), 2 survivors (2048K)
 Metaspace       used 11256K, capacity 11513K, committed 11648K, reserved 1058816K
  class space    used 1195K, capacity 1311K, committed 1408K, reserved 1048576K
}
Event: 22.102 GC heap after
{Heap after GC invocations=5 (full 0):
 garbage-first heap   total 126976K, used 14539K [0x0000000080000000, 0x0000000100000000)
  region size 1024K, 4 young (4096K), 4 survivors (4096K)
 Metaspace       used 11256K, capacity 11513K, committed 11648K, reserved 1058816K
  class space    used 1195K, capacity 1311K, committed 1408K, reserved 1048576K
}
Event: 42.787 GC heap before
{Heap before GC invocations=5 (full 0):
 garbage-first heap   total 126976K, used 69835K [0x0000000080000000, 0x0000000100000000)
  region size 1024K, 59 young (60416K), 4 survivors (4096K)
 Metaspace       used 20838K, capacity 21182K, committed 21296K, reserved 1069056K
  class space    used 2521K, capacity 2682K, committed 2688K, reserved 1048576K
}
Event: 42.859 GC heap after
{Heap after GC invocations=6 (full 0):
 garbage-first heap   total 126976K, used 17574K [0x0000000080000000, 0x0000000100000000)
  region size 1024K, 7 young (7168K), 7 survivors (7168K)
 Metaspace       used 20838K, capacity 21182K, committed 21296K, reserved 1069056K
  class space    used 2521K, capacity 2682K, committed 2688K, reserved 1048576K
}
Event: 49.463 GC heap before
{Heap before GC invocations=7 (full 0):
 garbage-first heap   total 126976K, used 73894K [0x0000000080000000, 0x0000000100000000)
  region size 1024K, 62 young (63488K), 7 survivors (7168K)
 Metaspace       used 26832K, capacity 27435K, committed 27772K, reserved 1073152K
  class space    used 3457K, capacity 3670K, committed 3788K, reserved 1048576K
}
Event: 49.530 GC heap after
{Heap after GC invocations=8 (full 0):
 garbage-first heap   total 126976K, used 19520K [0x0000000080000000, 0x0000000100000000)
  region size 1024K, 6 young (6144K), 6 survivors (6144K)
 Metaspace       used 26832K, capacity 27435K, committed 27772K, reserved 1073152K
  class space    used 3457K, capacity 3670K, committed 3788K, reserved 1048576K
}

