# JRE version: OpenJDK Runtime Environment (11.0.13) (build 11.0.13+0-b1751.21-8125866)
# Java VM: OpenJDK 64-Bit Server VM (11.0.13+0-b1751.21-8125866, mixed mode, tiered, compressed oops, g1 gc, windows-amd64)
Heap:
 garbage-first heap   total 317440K, used 230111K [0x0000000080000000, 0x0000000100000000)
  region size 1024K, 7 young (7168K), 5 survivors (5120K)
 Metaspace       used 119672K, capacity 122751K, committed 123008K, reserved 1157120K
  class space    used 15019K, capacity 16138K, committed 16256K, reserved 1048576K
GC Heap History (20 events):
Event: 31.797 GC heap before
{Heap before GC invocations=46 (full 0):
 garbage-first heap   total 264192K, used 212509K [0x0000000080000000, 0x0000000100000000)
  region size 1024K, 60 young (61440K), 7 survivors (7168K)
 Metaspace       used 106972K, capacity 109515K, committed 109696K, reserved 1144832K
  class space    used 13693K, capacity 14645K, committed 14720K, reserved 1048576K
}
Event: 31.817 GC heap after
{Heap after GC invocations=47 (full 0):
 garbage-first heap   total 264192K, used 160003K [0x0000000080000000, 0x0000000100000000)
  region size 1024K, 5 young (5120K), 5 survivors (5120K)
 Metaspace       used 106972K, capacity 109515K, committed 109696K, reserved 1144832K
  class space    used 13693K, capacity 14645K, committed 14720K, reserved 1048576K
}
Event: 108.998 GC heap before
{Heap before GC invocations=48 (full 0):
 garbage-first heap   total 264192K, used 215299K [0x0000000080000000, 0x0000000100000000)
  region size 1024K, 59 young (60416K), 5 survivors (5120K)
 Metaspace       used 110408K, capacity 113169K, committed 113280K, reserved 1146880K
  class space    used 14100K, capacity 15129K, committed 15232K, reserved 1048576K
}
Event: 109.020 GC heap after
{Heap after GC invocations=49 (full 0):
 garbage-first heap   total 317440K, used 163638K [0x0000000080000000, 0x0000000100000000)
  region size 1024K, 6 young (6144K), 6 survivors (6144K)
 Metaspace       used 110408K, capacity 113169K, committed 113280K, reserved 1146880K
  class space    used 14100K, capacity 15129K, committed 15232K, reserved 1048576K
}
Event: 1508.800 GC heap before
{Heap before GC invocations=49 (full 0):
 garbage-first heap   total 317440K, used 237366K [0x0000000080000000, 0x0000000100000000)
  region size 1024K, 79 young (80896K), 6 survivors (6144K)
 Metaspace       used 111909K, capacity 114811K, committed 114944K, reserved 1148928K
  class space    used 14206K, capacity 15250K, committed 15360K, reserved 1048576K
}
Event: 1508.875 GC heap after
{Heap after GC invocations=50 (full 0):
 garbage-first heap   total 317440K, used 169269K [0x0000000080000000, 0x0000000100000000)
  region size 1024K, 10 young (10240K), 10 survivors (10240K)
 Metaspace       used 111909K, capacity 114811K, committed 114944K, reserved 1148928K
  class space    used 14206K, capacity 15250K, committed 15360K, reserved 1048576K
}
Event: 1513.018 GC heap before
{Heap before GC invocations=51 (full 0):
 garbage-first heap   total 317440K, used 227637K [0x0000000080000000, 0x0000000100000000)
  region size 1024K, 69 young (70656K), 10 survivors (10240K)
 Metaspace       used 114386K, capacity 117395K, committed 117504K, reserved 1150976K
  class space    used 14497K, capacity 15560K, committed 15616K, reserved 1048576K
}
Event: 1513.065 GC heap after
{Heap after GC invocations=52 (full 0):
 garbage-first heap   total 317440K, used 174021K [0x0000000080000000, 0x0000000100000000)
  region size 1024K, 5 young (5120K), 5 survivors (5120K)
 Metaspace       used 114386K, capacity 117395K, committed 117504K, reserved 1150976K
  class space    used 14497K, capacity 15560K, committed 15616K, reserved 1048576K
}
Event: 1515.457 GC heap before
{Heap before GC invocations=53 (full 0):
 garbage-first heap   total 317440K, used 241605K [0x0000000080000000, 0x0000000100000000)
  region size 1024K, 71 young (72704K), 5 survivors (5120K)
 Metaspace       used 115799K, capacity 118806K, committed 118912K, reserved 1153024K
  class space    used 14626K, capacity 15712K, committed 15744K, reserved 1048576K
}
Event: 1515.611 GC heap after
{Heap after GC invocations=54 (full 0):
 garbage-first heap   total 317440K, used 196608K [0x0000000080000000, 0x0000000100000000)
  region size 1024K, 10 young (10240K), 10 survivors (10240K)
 Metaspace       used 115799K, capacity 118806K, committed 118912K, reserved 1153024K
  class space    used 14626K, capacity 15712K, committed 15744K, reserved 1048576K
}
Event: 1517.809 GC heap before
{Heap before GC invocations=55 (full 0):
 garbage-first heap   total 317440K, used 257024K [0x0000000080000000, 0x0000000100000000)
  region size 1024K, 67 young (68608K), 10 survivors (10240K)
 Metaspace       used 116698K, capacity 119716K, committed 119808K, reserved 1153024K
  class space    used 14700K, capacity 15799K, committed 15872K, reserved 1048576K
}
Event: 1517.866 GC heap after
{Heap after GC invocations=56 (full 0):
 garbage-first heap   total 317440K, used 213504K [0x0000000080000000, 0x0000000100000000)
  region size 1024K, 9 young (9216K), 9 survivors (9216K)
 Metaspace       used 116698K, capacity 119716K, committed 119808K, reserved 1153024K
  class space    used 14700K, capacity 15799K, committed 15872K, reserved 1048576K
}
Event: 1517.876 GC heap before
{Heap before GC invocations=56 (full 0):
 garbage-first heap   total 317440K, used 213504K [0x0000000080000000, 0x0000000100000000)
  region size 1024K, 10 young (10240K), 9 survivors (9216K)
 Metaspace       used 116698K, capacity 119716K, committed 119808K, reserved 1153024K
  class space    used 14700K, capacity 15799K, committed 15872K, reserved 1048576K
}
Event: 1517.902 GC heap after
{Heap after GC invocations=57 (full 0):
 garbage-first heap   total 317440K, used 216004K [0x0000000080000000, 0x0000000100000000)
  region size 1024K, 2 young (2048K), 2 survivors (2048K)
 Metaspace       used 116698K, capacity 119716K, committed 119808K, reserved 1153024K
  class space    used 14700K, capacity 15799K, committed 15872K, reserved 1048576K
}
Event: 1519.568 GC heap before
{Heap before GC invocations=58 (full 0):
 garbage-first heap   total 317440K, used 254916K [0x0000000080000000, 0x0000000100000000)
  region size 1024K, 32 young (32768K), 2 survivors (2048K)
 Metaspace       used 118669K, capacity 121703K, committed 121856K, reserved 1155072K
  class space    used 14948K, capacity 16056K, committed 16128K, reserved 1048576K
}
Event: 1519.586 GC heap after
{Heap after GC invocations=59 (full 0):
 garbage-first heap   total 317440K, used 221184K [0x0000000080000000, 0x0000000100000000)
  region size 1024K, 4 young (4096K), 4 survivors (4096K)
 Metaspace       used 118669K, capacity 121703K, committed 121856K, reserved 1155072K
  class space    used 14948K, capacity 16056K, committed 16128K, reserved 1048576K
}
Event: 1520.327 GC heap before
{Heap before GC invocations=59 (full 0):
 garbage-first heap   total 317440K, used 232448K [0x0000000080000000, 0x0000000100000000)
  region size 1024K, 15 young (15360K), 4 survivors (4096K)
 Metaspace       used 118843K, capacity 121870K, committed 122112K, reserved 1155072K
  class space    used 14957K, capacity 16090K, committed 16128K, reserved 1048576K
}
Event: 1520.342 GC heap after
{Heap after GC invocations=60 (full 0):
 garbage-first heap   total 317440K, used 220223K [0x0000000080000000, 0x0000000100000000)
  region size 1024K, 1 young (1024K), 1 survivors (1024K)
 Metaspace       used 118843K, capacity 121870K, committed 122112K, reserved 1155072K
  class space    used 14957K, capacity 16090K, committed 16128K, reserved 1048576K
}
Event: 1520.844 GC heap before
{Heap before GC invocations=60 (full 0):
 garbage-first heap   total 317440K, used 231487K [0x0000000080000000, 0x0000000100000000)
  region size 1024K, 13 young (13312K), 1 survivors (1024K)
 Metaspace       used 118941K, capacity 121934K, committed 122112K, reserved 1155072K
  class space    used 14966K, capacity 16090K, committed 16128K, reserved 1048576K
}
Event: 1520.856 GC heap after
{Heap after GC invocations=61 (full 0):
 garbage-first heap   total 317440K, used 225470K [0x0000000080000000, 0x0000000100000000)
  region size 1024K, 5 young (5120K), 5 survivors (5120K)
 Metaspace       used 118941K, capacity 121934K, committed 122112K, reserved 1155072K
  class space    used 14966K, capacity 16090K, committed 16128K, reserved 1048576K
}

