# JRE version: OpenJDK Runtime Environment (11.0.13) (build 11.0.13+0-b1751.21-8125866)
# Java VM: OpenJDK 64-Bit Server VM (11.0.13+0-b1751.21-8125866, mixed mode, tiered, compressed oops, g1 gc, windows-amd64)
Heap:
 garbage-first heap   total 158720K, used 67584K [0x0000000085200000, 0x0000000100000000)
  region size 1024K, 24 young (24576K), 9 survivors (9216K)
 Metaspace       used 66340K, capacity 67199K, committed 67280K, reserved 1107968K
  class space    used 7632K, capacity 7969K, committed 8012K, reserved 1048576K
GC Heap History (16 events):
Event: 0.533 GC heap before
{Heap before GC invocations=0 (full 0):
 garbage-first heap   total 126976K, used 18432K [0x0000000085200000, 0x0000000100000000)
  region size 1024K, 14 young (14336K), 0 survivors (0K)
 Metaspace       used 9731K, capacity 9842K, committed 10112K, reserved 1058816K
  class space    used 812K, capacity 853K, committed 896K, reserved 1048576K
}
Event: 0.537 GC heap after
{Heap after GC invocations=1 (full 0):
 garbage-first heap   total 126976K, used 6276K [0x0000000085200000, 0x0000000100000000)
  region size 1024K, 2 young (2048K), 2 survivors (2048K)
 Metaspace       used 9731K, capacity 9842K, committed 10112K, reserved 1058816K
  class space    used 812K, capacity 853K, committed 896K, reserved 1048576K
}
Event: 1.564 GC heap before
{Heap before GC invocations=1 (full 0):
 garbage-first heap   total 126976K, used 53380K [0x0000000085200000, 0x0000000100000000)
  region size 1024K, 49 young (50176K), 2 survivors (2048K)
 Metaspace       used 20861K, capacity 21156K, committed 21296K, reserved 1069056K
  class space    used 2253K, capacity 2373K, committed 2432K, reserved 1048576K
}
Event: 1.580 GC heap after
{Heap after GC invocations=2 (full 0):
 garbage-first heap   total 126976K, used 10932K [0x0000000085200000, 0x0000000100000000)
  region size 1024K, 7 young (7168K), 7 survivors (7168K)
 Metaspace       used 20861K, capacity 21156K, committed 21296K, reserved 1069056K
  class space    used 2253K, capacity 2373K, committed 2432K, reserved 1048576K
}
Event: 2.640 GC heap before
{Heap before GC invocations=3 (full 0):
 garbage-first heap   total 126976K, used 65204K [0x0000000085200000, 0x0000000100000000)
  region size 1024K, 54 young (55296K), 7 survivors (7168K)
 Metaspace       used 31852K, capacity 32361K, committed 32688K, reserved 1077248K
  class space    used 3789K, capacity 4001K, committed 4096K, reserved 1048576K
}
Event: 2.671 GC heap after
{Heap after GC invocations=4 (full 0):
 garbage-first heap   total 126976K, used 24064K [0x0000000085200000, 0x0000000100000000)
  region size 1024K, 7 young (7168K), 7 survivors (7168K)
 Metaspace       used 31852K, capacity 32361K, committed 32688K, reserved 1077248K
  class space    used 3789K, capacity 4001K, committed 4096K, reserved 1048576K
}
Event: 2.963 GC heap before
{Heap before GC invocations=4 (full 0):
 garbage-first heap   total 126976K, used 36352K [0x0000000085200000, 0x0000000100000000)
  region size 1024K, 20 young (20480K), 7 survivors (7168K)
 Metaspace       used 35354K, capacity 35827K, committed 35920K, reserved 1081344K
  class space    used 4385K, capacity 4580K, committed 4608K, reserved 1048576K
}
Event: 2.980 GC heap after
{Heap after GC invocations=5 (full 0):
 garbage-first heap   total 126976K, used 24440K [0x0000000085200000, 0x0000000100000000)
  region size 1024K, 1 young (1024K), 1 survivors (1024K)
 Metaspace       used 35354K, capacity 35827K, committed 35920K, reserved 1081344K
  class space    used 4385K, capacity 4580K, committed 4608K, reserved 1048576K
}
Event: 4.100 GC heap before
{Heap before GC invocations=6 (full 0):
 garbage-first heap   total 126976K, used 75640K [0x0000000085200000, 0x0000000100000000)
  region size 1024K, 51 young (52224K), 1 survivors (1024K)
 Metaspace       used 45154K, capacity 45689K, committed 46000K, reserved 1089536K
  class space    used 5332K, capacity 5532K, committed 5632K, reserved 1048576K
}
Event: 4.115 GC heap after
{Heap after GC invocations=7 (full 0):
 garbage-first heap   total 158720K, used 27286K [0x0000000085200000, 0x0000000100000000)
  region size 1024K, 6 young (6144K), 6 survivors (6144K)
 Metaspace       used 45154K, capacity 45689K, committed 46000K, reserved 1089536K
  class space    used 5332K, capacity 5532K, committed 5632K, reserved 1048576K
}
Event: 5.235 GC heap before
{Heap before GC invocations=7 (full 0):
 garbage-first heap   total 158720K, used 91798K [0x0000000085200000, 0x0000000100000000)
  region size 1024K, 66 young (67584K), 6 survivors (6144K)
 Metaspace       used 51659K, capacity 52243K, committed 52400K, reserved 1095680K
  class space    used 6038K, capacity 6287K, committed 6400K, reserved 1048576K
}
Event: 5.254 GC heap after
{Heap after GC invocations=8 (full 0):
 garbage-first heap   total 158720K, used 36960K [0x0000000085200000, 0x0000000100000000)
  region size 1024K, 8 young (8192K), 8 survivors (8192K)
 Metaspace       used 51659K, capacity 52243K, committed 52400K, reserved 1095680K
  class space    used 6038K, capacity 6287K, committed 6400K, reserved 1048576K
}
Event: 6.713 GC heap before
{Heap before GC invocations=8 (full 0):
 garbage-first heap   total 158720K, used 89184K [0x0000000085200000, 0x0000000100000000)
  region size 1024K, 60 young (61440K), 8 survivors (8192K)
 Metaspace       used 59637K, capacity 60370K, committed 60420K, reserved 1101824K
  class space    used 6952K, capacity 7272K, committed 7296K, reserved 1048576K
}
Event: 6.743 GC heap after
{Heap after GC invocations=9 (full 0):
 garbage-first heap   total 158720K, used 43320K [0x0000000085200000, 0x0000000100000000)
  region size 1024K, 6 young (6144K), 6 survivors (6144K)
 Metaspace       used 59637K, capacity 60370K, committed 60420K, reserved 1101824K
  class space    used 6952K, capacity 7272K, committed 7296K, reserved 1048576K
}
Event: 8.463 GC heap before
{Heap before GC invocations=10 (full 0):
 garbage-first heap   total 158720K, used 105784K [0x0000000085200000, 0x0000000100000000)
  region size 1024K, 67 young (68608K), 6 survivors (6144K)
 Metaspace       used 63432K, capacity 64244K, committed 64464K, reserved 1105920K
  class space    used 7349K, capacity 7694K, committed 7756K, reserved 1048576K
}
Event: 8.490 GC heap after
{Heap after GC invocations=11 (full 0):
 garbage-first heap   total 158720K, used 53248K [0x0000000085200000, 0x0000000100000000)
  region size 1024K, 9 young (9216K), 9 survivors (9216K)
 Metaspace       used 63432K, capacity 64244K, committed 64464K, reserved 1105920K
  class space    used 7349K, capacity 7694K, committed 7756K, reserved 1048576K
}

