# JRE version: OpenJDK Runtime Environment (11.0.13) (build 11.0.13+0-b1751.21-8125866)
# Java VM: OpenJDK 64-Bit Server VM (11.0.13+0-b1751.21-8125866, mixed mode, tiered, compressed oops, g1 gc, windows-amd64)
Heap:
 garbage-first heap   total 152576K, used 35272K [0x0000000080000000, 0x0000000100000000)
  region size 1024K, 22 young (22528K), 6 survivors (6144K)
 Metaspace       used 27930K, capacity 28531K, committed 28720K, reserved 1075200K
  class space    used 3631K, capacity 3842K, committed 3968K, reserved 1048576K
GC Heap History (14 events):
Event: 6.607 GC heap before
{Heap before GC invocations=0 (full 0):
 garbage-first heap   total 126976K, used 17408K [0x0000000080000000, 0x0000000100000000)
  region size 1024K, 14 young (14336K), 0 survivors (0K)
 Metaspace       used 6747K, capacity 6993K, committed 7168K, reserved 1056768K
  class space    used 572K, capacity 650K, committed 768K, reserved 1048576K
}
Event: 6.648 GC heap after
{Heap after GC invocations=1 (full 0):
 garbage-first heap   total 126976K, used 4329K [0x0000000080000000, 0x0000000100000000)
  region size 1024K, 2 young (2048K), 2 survivors (2048K)
 Metaspace       used 6747K, capacity 6993K, committed 7168K, reserved 1056768K
  class space    used 572K, capacity 650K, committed 768K, reserved 1048576K
}
Event: 7.673 GC heap before
{Heap before GC invocations=1 (full 0):
 garbage-first heap   total 126976K, used 11497K [0x0000000080000000, 0x0000000100000000)
  region size 1024K, 6 young (6144K), 2 survivors (2048K)
 Metaspace       used 7696K, capacity 7863K, committed 7936K, reserved 1056768K
  class space    used 698K, capacity 748K, committed 768K, reserved 1048576K
}
Event: 7.699 GC heap after
{Heap after GC invocations=2 (full 0):
 garbage-first heap   total 126976K, used 9002K [0x0000000080000000, 0x0000000100000000)
  region size 1024K, 1 young (1024K), 1 survivors (1024K)
 Metaspace       used 7696K, capacity 7863K, committed 7936K, reserved 1056768K
  class space    used 698K, capacity 748K, committed 768K, reserved 1048576K
}
Event: 10.745 GC heap before
{Heap before GC invocations=2 (full 0):
 garbage-first heap   total 126976K, used 20266K [0x0000000080000000, 0x0000000100000000)
  region size 1024K, 12 young (12288K), 1 survivors (1024K)
 Metaspace       used 10108K, capacity 10250K, committed 10368K, reserved 1058816K
  class space    used 1034K, capacity 1102K, committed 1152K, reserved 1048576K
}
Event: 10.764 GC heap after
{Heap after GC invocations=3 (full 0):
 garbage-first heap   total 126976K, used 9780K [0x0000000080000000, 0x0000000100000000)
  region size 1024K, 2 young (2048K), 2 survivors (2048K)
 Metaspace       used 10108K, capacity 10250K, committed 10368K, reserved 1058816K
  class space    used 1034K, capacity 1102K, committed 1152K, reserved 1048576K
}
Event: 14.642 GC heap before
{Heap before GC invocations=3 (full 0):
 garbage-first heap   total 126976K, used 28212K [0x0000000080000000, 0x0000000100000000)
  region size 1024K, 20 young (20480K), 2 survivors (2048K)
 Metaspace       used 10845K, capacity 11077K, committed 11264K, reserved 1058816K
  class space    used 1112K, capacity 1207K, committed 1280K, reserved 1048576K
}
Event: 14.672 GC heap after
{Heap after GC invocations=4 (full 0):
 garbage-first heap   total 126976K, used 10233K [0x0000000080000000, 0x0000000100000000)
  region size 1024K, 2 young (2048K), 2 survivors (2048K)
 Metaspace       used 10845K, capacity 11077K, committed 11264K, reserved 1058816K
  class space    used 1112K, capacity 1207K, committed 1280K, reserved 1048576K
}
Event: 17.263 GC heap before
{Heap before GC invocations=4 (full 0):
 garbage-first heap   total 126976K, used 34809K [0x0000000080000000, 0x0000000100000000)
  region size 1024K, 26 young (26624K), 2 survivors (2048K)
 Metaspace       used 11243K, capacity 11517K, committed 11648K, reserved 1058816K
  class space    used 1194K, capacity 1311K, committed 1408K, reserved 1048576K
}
Event: 17.319 GC heap after
{Heap after GC invocations=5 (full 0):
 garbage-first heap   total 126976K, used 14565K [0x0000000080000000, 0x0000000100000000)
  region size 1024K, 4 young (4096K), 4 survivors (4096K)
 Metaspace       used 11243K, capacity 11517K, committed 11648K, reserved 1058816K
  class space    used 1194K, capacity 1311K, committed 1408K, reserved 1048576K
}
Event: 48.970 GC heap before
{Heap before GC invocations=5 (full 0):
 garbage-first heap   total 126976K, used 69861K [0x0000000080000000, 0x0000000100000000)
  region size 1024K, 59 young (60416K), 4 survivors (4096K)
 Metaspace       used 20843K, capacity 21183K, committed 21296K, reserved 1069056K
  class space    used 2521K, capacity 2681K, committed 2688K, reserved 1048576K
}
Event: 49.081 GC heap after
{Heap after GC invocations=6 (full 0):
 garbage-first heap   total 152576K, used 17743K [0x0000000080000000, 0x0000000100000000)
  region size 1024K, 8 young (8192K), 8 survivors (8192K)
 Metaspace       used 20843K, capacity 21183K, committed 21296K, reserved 1069056K
  class space    used 2521K, capacity 2681K, committed 2688K, reserved 1048576K
}
Event: 62.304 GC heap before
{Heap before GC invocations=7 (full 0):
 garbage-first heap   total 152576K, used 74063K [0x0000000080000000, 0x0000000100000000)
  region size 1024K, 63 young (64512K), 8 survivors (8192K)
 Metaspace       used 26839K, capacity 27443K, committed 27696K, reserved 1073152K
  class space    used 3457K, capacity 3670K, committed 3712K, reserved 1048576K
}
Event: 62.375 GC heap after
{Heap after GC invocations=8 (full 0):
 garbage-first heap   total 152576K, used 19912K [0x0000000080000000, 0x0000000100000000)
  region size 1024K, 6 young (6144K), 6 survivors (6144K)
 Metaspace       used 26839K, capacity 27443K, committed 27696K, reserved 1073152K
  class space    used 3457K, capacity 3670K, committed 3712K, reserved 1048576K
}

