# JRE version: OpenJDK Runtime Environment (11.0.13) (build 11.0.13+0-b1751.21-8125866)
# Java VM: OpenJDK 64-Bit Server VM (11.0.13+0-b1751.21-8125866, mixed mode, tiered, compressed oops, g1 gc, windows-amd64)
Heap:
 garbage-first heap   total 159744K, used 106011K [0x0000000085200000, 0x0000000100000000)
  region size 1024K, 77 young (78848K), 11 survivors (11264K)
 Metaspace       used 60217K, capacity 60980K, committed 61008K, reserved 1103872K
  class space    used 6960K, capacity 7277K, committed 7296K, reserved 1048576K
GC Heap History (12 events):
Event: 0.516 GC heap before
{Heap before GC invocations=0 (full 0):
 garbage-first heap   total 126976K, used 18432K [0x0000000085200000, 0x0000000100000000)
  region size 1024K, 14 young (14336K), 0 survivors (0K)
 Metaspace       used 9875K, capacity 9970K, committed 10112K, reserved 1058816K
  class space    used 827K, capacity 853K, committed 896K, reserved 1048576K
}
Event: 0.522 GC heap after
{Heap after GC invocations=1 (full 0):
 garbage-first heap   total 126976K, used 6351K [0x0000000085200000, 0x0000000100000000)
  region size 1024K, 2 young (2048K), 2 survivors (2048K)
 Metaspace       used 9875K, capacity 9970K, committed 10112K, reserved 1058816K
  class space    used 827K, capacity 853K, committed 896K, reserved 1048576K
}
Event: 1.541 GC heap before
{Heap before GC invocations=1 (full 0):
 garbage-first heap   total 126976K, used 54479K [0x0000000085200000, 0x0000000100000000)
  region size 1024K, 50 young (51200K), 2 survivors (2048K)
 Metaspace       used 20948K, capacity 21124K, committed 21248K, reserved 1069056K
  class space    used 2218K, capacity 2303K, committed 2304K, reserved 1048576K
}
Event: 1.553 GC heap after
{Heap after GC invocations=2 (full 0):
 garbage-first heap   total 126976K, used 10926K [0x0000000085200000, 0x0000000100000000)
  region size 1024K, 7 young (7168K), 7 survivors (7168K)
 Metaspace       used 20948K, capacity 21124K, committed 21248K, reserved 1069056K
  class space    used 2218K, capacity 2303K, committed 2304K, reserved 1048576K
}
Event: 2.558 GC heap before
{Heap before GC invocations=3 (full 0):
 garbage-first heap   total 126976K, used 63150K [0x0000000085200000, 0x0000000100000000)
  region size 1024K, 52 young (53248K), 7 survivors (7168K)
 Metaspace       used 31240K, capacity 31681K, committed 31868K, reserved 1077248K
  class space    used 3680K, capacity 3856K, committed 3968K, reserved 1048576K
}
Event: 2.588 GC heap after
{Heap after GC invocations=4 (full 0):
 garbage-first heap   total 126976K, used 23709K [0x0000000085200000, 0x0000000100000000)
  region size 1024K, 7 young (7168K), 7 survivors (7168K)
 Metaspace       used 31240K, capacity 31681K, committed 31868K, reserved 1077248K
  class space    used 3680K, capacity 3856K, committed 3968K, reserved 1048576K
}
Event: 3.003 GC heap before
{Heap before GC invocations=4 (full 0):
 garbage-first heap   total 126976K, used 44189K [0x0000000085200000, 0x0000000100000000)
  region size 1024K, 28 young (28672K), 7 survivors (7168K)
 Metaspace       used 35511K, capacity 35954K, committed 36048K, reserved 1081344K
  class space    used 4357K, capacity 4534K, committed 4608K, reserved 1048576K
}
Event: 3.022 GC heap after
{Heap after GC invocations=5 (full 0):
 garbage-first heap   total 126976K, used 23884K [0x0000000085200000, 0x0000000100000000)
  region size 1024K, 3 young (3072K), 3 survivors (3072K)
 Metaspace       used 35511K, capacity 35954K, committed 36048K, reserved 1081344K
  class space    used 4357K, capacity 4534K, committed 4608K, reserved 1048576K
}
Event: 4.219 GC heap before
{Heap before GC invocations=6 (full 0):
 garbage-first heap   total 126976K, used 76108K [0x0000000085200000, 0x0000000100000000)
  region size 1024K, 54 young (55296K), 3 survivors (3072K)
 Metaspace       used 47005K, capacity 47536K, committed 47696K, reserved 1091584K
  class space    used 5539K, capacity 5746K, committed 5760K, reserved 1048576K
}
Event: 4.238 GC heap after
{Heap after GC invocations=7 (full 0):
 garbage-first heap   total 159744K, used 28064K [0x0000000085200000, 0x0000000100000000)
  region size 1024K, 7 young (7168K), 7 survivors (7168K)
 Metaspace       used 47005K, capacity 47536K, committed 47696K, reserved 1091584K
  class space    used 5539K, capacity 5746K, committed 5760K, reserved 1048576K
}
Event: 5.998 GC heap before
{Heap before GC invocations=8 (full 0):
 garbage-first heap   total 159744K, used 112032K [0x0000000085200000, 0x0000000100000000)
  region size 1024K, 86 young (88064K), 7 survivors (7168K)
 Metaspace       used 54658K, capacity 55256K, committed 55376K, reserved 1097728K
  class space    used 6249K, capacity 6497K, committed 6528K, reserved 1048576K
}
Event: 6.024 GC heap after
{Heap after GC invocations=9 (full 0):
 garbage-first heap   total 159744K, used 39451K [0x0000000085200000, 0x0000000100000000)
  region size 1024K, 11 young (11264K), 11 survivors (11264K)
 Metaspace       used 54658K, capacity 55256K, committed 55376K, reserved 1097728K
  class space    used 6249K, capacity 6497K, committed 6528K, reserved 1048576K
}

